[debug] [2020-04-08T14:14:38.012Z] ----------------------------------------------------------------------
[debug] [2020-04-08T14:14:38.014Z] Command:       /usr/local/bin/node /usr/local/bin/firebase deploy
[debug] [2020-04-08T14:14:38.014Z] CLI Version:   6.4.0
[debug] [2020-04-08T14:14:38.014Z] Platform:      darwin
[debug] [2020-04-08T14:14:38.014Z] Node Version:  v12.13.1
[debug] [2020-04-08T14:14:38.015Z] Time:          Wed Apr 08 2020 23:14:38 GMT+0900 (GMT+09:00)
[debug] [2020-04-08T14:14:38.015Z] ----------------------------------------------------------------------
[debug] 
[debug] [2020-04-08T14:14:38.024Z] > command requires scopes: ["email","openid","https://www.googleapis.com/auth/cloudplatformprojects.readonly","https://www.googleapis.com/auth/firebase","https://www.googleapis.com/auth/cloud-platform"]
[debug] [2020-04-08T14:14:38.025Z] > authorizing via signed-in user
[debug] [2020-04-08T14:14:38.025Z] [iam] checking project fukumoto-portfolio for permissions ["cloudfunctions.functions.create","cloudfunctions.functions.delete","cloudfunctions.functions.get","cloudfunctions.functions.list","cloudfunctions.functions.update","cloudfunctions.operations.get","firebase.projects.get","firebasehosting.sites.update"]
[debug] [2020-04-08T14:14:38.027Z] > refreshing access token with scopes: ["email","https://www.googleapis.com/auth/cloud-platform","https://www.googleapis.com/auth/cloudplatformprojects.readonly","https://www.googleapis.com/auth/firebase","openid"]
[debug] [2020-04-08T14:14:38.027Z] >>> HTTP REQUEST POST https://www.googleapis.com/oauth2/v3/token  
 <request body omitted>
[debug] [2020-04-08T14:14:38.233Z] <<< HTTP RESPONSE 200
[debug] [2020-04-08T14:14:38.248Z] >>> HTTP REQUEST POST https://cloudresourcemanager.googleapis.com/v1/projects/fukumoto-portfolio:testIamPermissions  

[debug] [2020-04-08T14:14:40.164Z] <<< HTTP RESPONSE 200
[debug] [2020-04-08T14:14:40.166Z] >>> HTTP REQUEST GET https://firebase.googleapis.com/v1beta1/projects/fukumoto-portfolio  
 
[debug] [2020-04-08T14:14:46.425Z] <<< HTTP RESPONSE 500
[debug] [2020-04-08T14:14:46.426Z] <<< HTTP RESPONSE BODY
[error] 
[error] Error: HTTP Error: 500, Internal error encountered.
[debug] [2020-04-08T14:14:46.961Z] Error Context: {
  "body": {
    "error": {
      "code": 500,
      "message": "Internal error encountered.",
      "status": "INTERNAL"
    }
  },
  "response": {
    "statusCode": 500,
    "body": {
      "error": {
        "code": 500,
        "message": "Internal error encountered.",
        "status": "INTERNAL"
      }
    },
    "headers": {
      "vary": "X-Origin, Referer, Origin,Accept-Encoding",
      "content-type": "application/json; charset=UTF-8",
      "date": "Wed, 08 Apr 2020 14:14:46 GMT",
      "server": "ESF",
      "cache-control": "private",
      "x-xss-protection": "0",
      "x-frame-options": "SAMEORIGIN",
      "x-content-type-options": "nosniff",
      "alt-svc": "quic=\":443\"; ma=2592000; v=\"46,43\",h3-Q050=\":443\"; ma=2592000,h3-Q049=\":443\"; ma=2592000,h3-Q048=\":443\"; ma=2592000,h3-Q046=\":443\"; ma=2592000,h3-Q043=\":443\"; ma=2592000,h3-T050=\":443\"; ma=2592000",
      "accept-ranges": "none",
      "transfer-encoding": "chunked"
    },
    "request": {
      "uri": {
        "protocol": "https:",
        "slashes": true,
        "auth": null,
        "host": "firebase.googleapis.com",
        "port": 443,
        "hostname": "firebase.googleapis.com",
        "hash": null,
        "search": null,
        "query": null,
        "pathname": "/v1beta1/projects/fukumoto-portfolio",
        "path": "/v1beta1/projects/fukumoto-portfolio",
        "href": "https://firebase.googleapis.com/v1beta1/projects/fukumoto-portfolio"
      },
      "method": "GET"
    }
  }
}
